<?xml version="1.0" encoding="UTF-8"?>
<!-- Generated by org.testng.reporters.JUnitReportReporter -->
<testsuite skipped="0" hostname="DESKTOP-5NIBD47" name="testNG.DataFromExcel" tests="3" failures="0" timestamp="14 Mar 2020 02:29:23 GMT" time="5.714" errors="0">
  <testcase name="excelData" time="5.371" classname="testNG.DataFromExcel"/>
  <testcase name="excelData" time="0.159" classname="testNG.DataFromExcel"/>
  <testcase name="excelData" time="0.184" classname="testNG.DataFromExcel"/>
</testsuite> <!-- testNG.DataFromExcel -->
