<?xml version="1.0" encoding="UTF-8"?>
<!-- Generated by org.testng.reporters.JUnitReportReporter -->
<testsuite skipped="0" hostname="DESKTOP-5NIBD47" name="junitTesting.JunitAddSinglesetdataAPI" tests="2" failures="0" timestamp="14 Mar 2020 01:07:18 GMT" time="5.148" errors="0">
  <testcase name="singlesetempdetails" time="4.767" classname="junitTesting.JunitAddSinglesetdataAPI"/>
  <testcase name="singlesetempdetails" time="0.381" classname="junitTesting.JunitAddSinglesetdataAPI"/>
</testsuite> <!-- junitTesting.JunitAddSinglesetdataAPI -->
