<?xml version="1.0" encoding="UTF-8"?>
<!-- Generated by org.testng.reporters.JUnitReportReporter -->
<testsuite skipped="0" hostname="DESKTOP-5NIBD47" name="testNG.SingleSetOfdata" tests="1" failures="0" timestamp="18 Mar 2020 21:30:13 GMT" time="4.602" errors="0">
  <testcase name="singlesetempdetails" time="4.602" classname="testNG.SingleSetOfdata"/>
</testsuite> <!-- testNG.SingleSetOfdata -->
