<?xml version="1.0" encoding="UTF-8"?>
<!-- Generated by org.testng.reporters.JUnitReportReporter -->
<testsuite skipped="0" hostname="DESKTOP-5NIBD47" name="testNG.TestNGAddSinglesetdataAPI" tests="1" failures="0" timestamp="14 Mar 2020 02:02:53 GMT" time="3.696" errors="0">
  <testcase name="singlesetempdetails" time="3.696" classname="testNG.TestNGAddSinglesetdataAPI"/>
</testsuite> <!-- testNG.TestNGAddSinglesetdataAPI -->
