<?xml version="1.0" encoding="UTF-8"?>
<!-- Generated by org.testng.reporters.JUnitReportReporter -->
<testsuite skipped="0" hostname="DESKTOP-5NIBD47" name="testNG.MultipleSetsOfdata" tests="2" failures="0" timestamp="18 Mar 2020 21:28:39 GMT" time="4.648" errors="0">
  <testcase name="multiplesetempdetails" time="4.426" classname="testNG.MultipleSetsOfdata"/>
  <testcase name="multiplesetempdetails" time="0.222" classname="testNG.MultipleSetsOfdata"/>
</testsuite> <!-- testNG.MultipleSetsOfdata -->
